<?xml version="1.0" encoding="UTF-8"?>
<!-- Generated by org.testng.reporters.JUnitXMLReporter -->
<testsuite hostname="MohitAgarwal" ignored="0" name="Test" tests="4" failures="0" timestamp="08 Sep 2018 12:07:29 GMT" time="106.812" errors="0">
  <testcase name="webpage" time="20.473" classname="Package1.MavenEx.TestNGExcel"/>
  <testcase name="openexcel" time="0.481" classname="Package1.MavenEx.TestNGExcel"/>
  <testcase name="reportcols" time="0.01" classname="Package1.MavenEx.TestNGExcel"/>
  <testcase name="readexcel" time="75.913" classname="Package1.MavenEx.TestNGExcel"/>
</testsuite> <!-- Test -->
