<?xml version="1.0" encoding="UTF-8"?>
<testng-results skipped="0" failed="0" ignored="0" total="4" passed="4">
  <reporter-output>
    <line>
      <![CDATA[a]]>
    </line>
    <line>
      <![CDATA[	]]>
    </line>
    <line>
      <![CDATA[a]]>
    </line>
    <line>
      <![CDATA[	]]>
    </line>
    <line>
      <![CDATA[User or Password is not valid]]>
    </line>
    <line>
      <![CDATA[b]]>
    </line>
    <line>
      <![CDATA[	]]>
    </line>
    <line>
      <![CDATA[b]]>
    </line>
    <line>
      <![CDATA[	]]>
    </line>
    <line>
      <![CDATA[User or Password is not valid]]>
    </line>
    <line>
      <![CDATA[UserID]]>
    </line>
    <line>
      <![CDATA[	]]>
    </line>
    <line>
      <![CDATA[pa]]>
    </line>
    <line>
      <![CDATA[	]]>
    </line>
    <line>
      <![CDATA[User or Password is not valid]]>
    </line>
    <line>
      <![CDATA[ram]]>
    </line>
    <line>
      <![CDATA[	]]>
    </line>
    <line>
      <![CDATA[rahim]]>
    </line>
    <line>
      <![CDATA[	]]>
    </line>
    <line>
      <![CDATA[User or Password is not valid]]>
    </line>
    <line>
      <![CDATA[none]]>
    </line>
    <line>
      <![CDATA[	]]>
    </line>
    <line>
      <![CDATA[none]]>
    </line>
    <line>
      <![CDATA[	]]>
    </line>
    <line>
      <![CDATA[User or Password is not valid]]>
    </line>
    <line>
      <![CDATA[mngr144339]]>
    </line>
    <line>
      <![CDATA[	]]>
    </line>
    <line>
      <![CDATA[hezedYt]]>
    </line>
    <line>
      <![CDATA[	]]>
    </line>
    <line>
      <![CDATA[User or Password is not valid]]>
    </line>
    <line>
      <![CDATA[mercury]]>
    </line>
    <line>
      <![CDATA[	]]>
    </line>
    <line>
      <![CDATA[mercury]]>
    </line>
    <line>
      <![CDATA[	]]>
    </line>
    <line>
      <![CDATA[User or Password is not valid]]>
    </line>
  </reporter-output>
  <suite name="Suite" duration-ms="102101" started-at="2018-09-08T12:56:25Z" finished-at="2018-09-08T12:58:07Z">
    <groups>
    </groups>
    <test name="Test" duration-ms="102101" started-at="2018-09-08T12:56:25Z" finished-at="2018-09-08T12:58:07Z">
      <class name="Package1.MavenEx.TestNGExcel">
        <test-method status="PASS" signature="driversetup()[pri:0, instance:Package1.MavenEx.TestNGExcel@7f6473]" name="driversetup" is-config="true" duration-ms="9147" started-at="2018-09-08T18:26:25Z" finished-at="2018-09-08T18:26:34Z">
          <reporter-output>
          </reporter-output>
        </test-method> <!-- driversetup -->
        <test-method status="PASS" signature="webpage()[pri:1, instance:Package1.MavenEx.TestNGExcel@7f6473]" name="webpage" duration-ms="14734" started-at="2018-09-08T18:26:34Z" finished-at="2018-09-08T18:26:49Z">
          <reporter-output>
          </reporter-output>
        </test-method> <!-- webpage -->
        <test-method status="PASS" signature="openexcel()[pri:2, instance:Package1.MavenEx.TestNGExcel@7f6473]" name="openexcel" duration-ms="539" started-at="2018-09-08T18:26:49Z" finished-at="2018-09-08T18:26:49Z">
          <reporter-output>
          </reporter-output>
        </test-method> <!-- openexcel -->
        <test-method status="PASS" signature="reportcols()[pri:3, instance:Package1.MavenEx.TestNGExcel@7f6473]" name="reportcols" duration-ms="1" started-at="2018-09-08T18:26:49Z" finished-at="2018-09-08T18:26:49Z">
          <reporter-output>
          </reporter-output>
        </test-method> <!-- reportcols -->
        <test-method status="PASS" signature="readexcel()[pri:4, instance:Package1.MavenEx.TestNGExcel@7f6473]" name="readexcel" duration-ms="77099" started-at="2018-09-08T18:26:49Z" finished-at="2018-09-08T18:28:07Z">
          <reporter-output>
            <line>
              <![CDATA[a]]>
            </line>
            <line>
              <![CDATA[	]]>
            </line>
            <line>
              <![CDATA[a]]>
            </line>
            <line>
              <![CDATA[	]]>
            </line>
            <line>
              <![CDATA[User or Password is not valid]]>
            </line>
            <line>
              <![CDATA[b]]>
            </line>
            <line>
              <![CDATA[	]]>
            </line>
            <line>
              <![CDATA[b]]>
            </line>
            <line>
              <![CDATA[	]]>
            </line>
            <line>
              <![CDATA[User or Password is not valid]]>
            </line>
            <line>
              <![CDATA[UserID]]>
            </line>
            <line>
              <![CDATA[	]]>
            </line>
            <line>
              <![CDATA[pa]]>
            </line>
            <line>
              <![CDATA[	]]>
            </line>
            <line>
              <![CDATA[User or Password is not valid]]>
            </line>
            <line>
              <![CDATA[ram]]>
            </line>
            <line>
              <![CDATA[	]]>
            </line>
            <line>
              <![CDATA[rahim]]>
            </line>
            <line>
              <![CDATA[	]]>
            </line>
            <line>
              <![CDATA[User or Password is not valid]]>
            </line>
            <line>
              <![CDATA[none]]>
            </line>
            <line>
              <![CDATA[	]]>
            </line>
            <line>
              <![CDATA[none]]>
            </line>
            <line>
              <![CDATA[	]]>
            </line>
            <line>
              <![CDATA[User or Password is not valid]]>
            </line>
            <line>
              <![CDATA[mngr144339]]>
            </line>
            <line>
              <![CDATA[	]]>
            </line>
            <line>
              <![CDATA[hezedYt]]>
            </line>
            <line>
              <![CDATA[	]]>
            </line>
            <line>
              <![CDATA[User or Password is not valid]]>
            </line>
            <line>
              <![CDATA[mercury]]>
            </line>
            <line>
              <![CDATA[	]]>
            </line>
            <line>
              <![CDATA[mercury]]>
            </line>
            <line>
              <![CDATA[	]]>
            </line>
            <line>
              <![CDATA[User or Password is not valid]]>
            </line>
          </reporter-output>
        </test-method> <!-- readexcel -->
        <test-method status="PASS" signature="Last()[pri:0, instance:Package1.MavenEx.TestNGExcel@7f6473]" name="Last" is-config="true" duration-ms="470" started-at="2018-09-08T18:28:07Z" finished-at="2018-09-08T18:28:07Z">
          <reporter-output>
          </reporter-output>
        </test-method> <!-- Last -->
      </class> <!-- Package1.MavenEx.TestNGExcel -->
    </test> <!-- Test -->
  </suite> <!-- Suite -->
</testng-results>
