<?xml version="1.0" encoding="UTF-8"?>
<!-- Generated by org.testng.reporters.JUnitXMLReporter -->
<testsuite hostname="MohitAgarwal" ignored="0" name="Default test" tests="4" failures="0" timestamp="08 Sep 2018 11:09:25 GMT" time="103.309" errors="0">
  <testcase name="webpage" time="13.214" classname="Package1.MavenEx.TestNGExcel"/>
  <testcase name="openexcel" time="0.582" classname="Package1.MavenEx.TestNGExcel"/>
  <testcase name="reportcols" time="0.009" classname="Package1.MavenEx.TestNGExcel"/>
  <testcase name="readexcel" time="79.112" classname="Package1.MavenEx.TestNGExcel"/>
</testsuite> <!-- Default test -->
