<?xml version="1.0" encoding="UTF-8"?>
<testng-results skipped="0" failed="0" ignored="0" total="4" passed="4">
  <reporter-output>
    <line>
      <![CDATA[a]]>
    </line>
    <line>
      <![CDATA[	]]>
    </line>
    <line>
      <![CDATA[a]]>
    </line>
    <line>
      <![CDATA[	]]>
    </line>
    <line>
      <![CDATA[User or Password is not valid]]>
    </line>
    <line>
      <![CDATA[b]]>
    </line>
    <line>
      <![CDATA[	]]>
    </line>
    <line>
      <![CDATA[b]]>
    </line>
    <line>
      <![CDATA[	]]>
    </line>
    <line>
      <![CDATA[User or Password is not valid]]>
    </line>
    <line>
      <![CDATA[UserID]]>
    </line>
    <line>
      <![CDATA[	]]>
    </line>
    <line>
      <![CDATA[pa]]>
    </line>
    <line>
      <![CDATA[	]]>
    </line>
    <line>
      <![CDATA[User or Password is not valid]]>
    </line>
    <line>
      <![CDATA[ram]]>
    </line>
    <line>
      <![CDATA[	]]>
    </line>
    <line>
      <![CDATA[rahim]]>
    </line>
    <line>
      <![CDATA[	]]>
    </line>
    <line>
      <![CDATA[User or Password is not valid]]>
    </line>
    <line>
      <![CDATA[none]]>
    </line>
    <line>
      <![CDATA[	]]>
    </line>
    <line>
      <![CDATA[none]]>
    </line>
    <line>
      <![CDATA[	]]>
    </line>
    <line>
      <![CDATA[User or Password is not valid]]>
    </line>
    <line>
      <![CDATA[mngr144339]]>
    </line>
    <line>
      <![CDATA[	]]>
    </line>
    <line>
      <![CDATA[hezedYt]]>
    </line>
    <line>
      <![CDATA[	]]>
    </line>
    <line>
      <![CDATA[User or Password is not valid]]>
    </line>
    <line>
      <![CDATA[mercury]]>
    </line>
    <line>
      <![CDATA[	]]>
    </line>
    <line>
      <![CDATA[mercury]]>
    </line>
    <line>
      <![CDATA[	]]>
    </line>
    <line>
      <![CDATA[User or Password is not valid]]>
    </line>
  </reporter-output>
  <suite name="Suite" duration-ms="106812" started-at="2018-09-08T12:05:42Z" finished-at="2018-09-08T12:07:29Z">
    <groups>
    </groups>
    <test name="Test" duration-ms="106812" started-at="2018-09-08T12:05:42Z" finished-at="2018-09-08T12:07:29Z">
      <class name="Package1.MavenEx.TestNGExcel">
        <test-method status="PASS" signature="driversetup()[pri:0, instance:Package1.MavenEx.TestNGExcel@42a311]" name="driversetup" is-config="true" duration-ms="9275" started-at="2018-09-08T17:35:42Z" finished-at="2018-09-08T17:35:52Z">
          <reporter-output>
          </reporter-output>
        </test-method> <!-- driversetup -->
        <test-method status="PASS" signature="webpage()[pri:1, instance:Package1.MavenEx.TestNGExcel@42a311]" name="webpage" duration-ms="20473" started-at="2018-09-08T17:35:52Z" finished-at="2018-09-08T17:36:12Z">
          <reporter-output>
          </reporter-output>
        </test-method> <!-- webpage -->
        <test-method status="PASS" signature="openexcel()[pri:2, instance:Package1.MavenEx.TestNGExcel@42a311]" name="openexcel" duration-ms="481" started-at="2018-09-08T17:36:12Z" finished-at="2018-09-08T17:36:13Z">
          <reporter-output>
          </reporter-output>
        </test-method> <!-- openexcel -->
        <test-method status="PASS" signature="reportcols()[pri:3, instance:Package1.MavenEx.TestNGExcel@42a311]" name="reportcols" duration-ms="10" started-at="2018-09-08T17:36:13Z" finished-at="2018-09-08T17:36:13Z">
          <reporter-output>
          </reporter-output>
        </test-method> <!-- reportcols -->
        <test-method status="PASS" signature="readexcel()[pri:4, instance:Package1.MavenEx.TestNGExcel@42a311]" name="readexcel" duration-ms="75913" started-at="2018-09-08T17:36:13Z" finished-at="2018-09-08T17:37:29Z">
          <reporter-output>
            <line>
              <![CDATA[a]]>
            </line>
            <line>
              <![CDATA[	]]>
            </line>
            <line>
              <![CDATA[a]]>
            </line>
            <line>
              <![CDATA[	]]>
            </line>
            <line>
              <![CDATA[User or Password is not valid]]>
            </line>
            <line>
              <![CDATA[b]]>
            </line>
            <line>
              <![CDATA[	]]>
            </line>
            <line>
              <![CDATA[b]]>
            </line>
            <line>
              <![CDATA[	]]>
            </line>
            <line>
              <![CDATA[User or Password is not valid]]>
            </line>
            <line>
              <![CDATA[UserID]]>
            </line>
            <line>
              <![CDATA[	]]>
            </line>
            <line>
              <![CDATA[pa]]>
            </line>
            <line>
              <![CDATA[	]]>
            </line>
            <line>
              <![CDATA[User or Password is not valid]]>
            </line>
            <line>
              <![CDATA[ram]]>
            </line>
            <line>
              <![CDATA[	]]>
            </line>
            <line>
              <![CDATA[rahim]]>
            </line>
            <line>
              <![CDATA[	]]>
            </line>
            <line>
              <![CDATA[User or Password is not valid]]>
            </line>
            <line>
              <![CDATA[none]]>
            </line>
            <line>
              <![CDATA[	]]>
            </line>
            <line>
              <![CDATA[none]]>
            </line>
            <line>
              <![CDATA[	]]>
            </line>
            <line>
              <![CDATA[User or Password is not valid]]>
            </line>
            <line>
              <![CDATA[mngr144339]]>
            </line>
            <line>
              <![CDATA[	]]>
            </line>
            <line>
              <![CDATA[hezedYt]]>
            </line>
            <line>
              <![CDATA[	]]>
            </line>
            <line>
              <![CDATA[User or Password is not valid]]>
            </line>
            <line>
              <![CDATA[mercury]]>
            </line>
            <line>
              <![CDATA[	]]>
            </line>
            <line>
              <![CDATA[mercury]]>
            </line>
            <line>
              <![CDATA[	]]>
            </line>
            <line>
              <![CDATA[User or Password is not valid]]>
            </line>
          </reporter-output>
        </test-method> <!-- readexcel -->
        <test-method status="PASS" signature="Last()[pri:0, instance:Package1.MavenEx.TestNGExcel@42a311]" name="Last" is-config="true" duration-ms="480" started-at="2018-09-08T17:37:29Z" finished-at="2018-09-08T17:37:29Z">
          <reporter-output>
          </reporter-output>
        </test-method> <!-- Last -->
      </class> <!-- Package1.MavenEx.TestNGExcel -->
    </test> <!-- Test -->
  </suite> <!-- Suite -->
</testng-results>
